<?xml version="1.0" encoding="UTF-8"?>
<!-- Generated by org.testng.reporters.JUnitReportReporter -->
<testsuite skipped="0" hostname="DESKTOP-E48DA0I" name="org.hcl.TC002_Post_Request" tests="1" failures="0" timestamp="2022-06-06T20:24:05 IST" time="3.768" errors="0">
  <testcase name="getWheatherDetail" time="3.768" classname="org.hcl.TC002_Post_Request"/>
  <system-out/>
</testsuite> <!-- org.hcl.TC002_Post_Request -->
